[2022-01-05 16:42:49] production.ERROR: No application encryption key has been specified. {"exception":"[object] (Illuminate\\Encryption\\MissingAppKeyException(code: 0): No application encryption key has been specified. at C:\\Users\\stefa\\Documents\\Dizajn-i-arhitektura-na-softver\\domasna3 i domasna4\\vendor\\laravel\\framework\\src\\Illuminate\\Encryption\\EncryptionServiceProvider.php:101)
[stacktrace]
#0 C:\\Users\\stefa\\Documents\\Dizajn-i-arhitektura-na-softver\\domasna3 i domasna4\\vendor\\laravel\\framework\\src\\Illuminate\\Support\\helpers.php(263): Illuminate\\Encryption\\EncryptionServiceProvider->Illuminate\\Encryption\\{closure}(NULL)
#1 C:\\Users\\stefa\\Documents\\Dizajn-i-arhitektura-na-softver\\domasna3 i domasna4\\vendor\\laravel\\framework\\src\\Illuminate\\Encryption\\EncryptionServiceProvider.php(103): tap(NULL, Object(Closure))
#2 C:\\Users\\stefa\\Documents\\Dizajn-i-arhitektura-na-softver\\domasna3 i domasna4\\vendor\\laravel\\framework\\src\\Illuminate\\Encryption\\EncryptionServiceProvider.php(82): Illuminate\\Encryption\\EncryptionServiceProvider->key(Array)
#3 C:\\Users\\stefa\\Documents\\Dizajn-i-arhitektura-na-softver\\domasna3 i domasna4\\vendor\\laravel\\framework\\src\\Illuminate\\Encryption\\EncryptionServiceProvider.php(34): Illuminate\\Encryption\\EncryptionServiceProvider->parseKey(Array)
#4 C:\\Users\\stefa\\Documents\\Dizajn-i-arhitektura-na-softver\\domasna3 i domasna4\\vendor\\laravel\\framework\\src\\Illuminate\\Container\\Container.php(873): Illuminate\\Encryption\\EncryptionServiceProvider->Illuminate\\Encryption\\{closure}(Object(Illuminate\\Foundation\\Application), Array)
#5 C:\\Users\\stefa\\Documents\\Dizajn-i-arhitektura-na-softver\\domasna3 i domasna4\\vendor\\laravel\\framework\\src\\Illuminate\\Container\\Container.php(758): Illuminate\\Container\\Container->build(Object(Closure))
#6 C:\\Users\\stefa\\Documents\\Dizajn-i-arhitektura-na-softver\\domasna3 i domasna4\\vendor\\laravel\\framework\\src\\Illuminate\\Foundation\\Application.php(851): Illuminate\\Container\\Container->resolve('encrypter', Array, true)
#7 C:\\Users\\stefa\\Documents\\Dizajn-i-arhitektura-na-softver\\domasna3 i domasna4\\vendor\\laravel\\framework\\src\\Illuminate\\Container\\Container.php(694): Illuminate\\Foundation\\Application->resolve('encrypter', Array)
#8 C:\\Users\\stefa\\Documents\\Dizajn-i-arhitektura-na-softver\\domasna3 i domasna4\\vendor\\laravel\\framework\\src\\Illuminate\\Foundation\\Application.php(836): Illuminate\\Container\\Container->make('encrypter', Array)
#9 C:\\Users\\stefa\\Documents\\Dizajn-i-arhitektura-na-softver\\domasna3 i domasna4\\vendor\\laravel\\framework\\src\\Illuminate\\Container\\Container.php(1031): Illuminate\\Foundation\\Application->make('encrypter')
#10 C:\\Users\\stefa\\Documents\\Dizajn-i-arhitektura-na-softver\\domasna3 i domasna4\\vendor\\laravel\\framework\\src\\Illuminate\\Container\\Container.php(951): Illuminate\\Container\\Container->resolveClass(Object(ReflectionParameter))
#11 C:\\Users\\stefa\\Documents\\Dizajn-i-arhitektura-na-softver\\domasna3 i domasna4\\vendor\\laravel\\framework\\src\\Illuminate\\Container\\Container.php(912): Illuminate\\Container\\Container->resolveDependencies(Array)
#12 C:\\Users\\stefa\\Documents\\Dizajn-i-arhitektura-na-softver\\domasna3 i domasna4\\vendor\\laravel\\framework\\src\\Illuminate\\Container\\Container.php(758): Illuminate\\Container\\Container->build('App\\\\Http\\\\Middle...')
#13 C:\\Users\\stefa\\Documents\\Dizajn-i-arhitektura-na-softver\\domasna3 i domasna4\\vendor\\laravel\\framework\\src\\Illuminate\\Foundation\\Application.php(851): Illuminate\\Container\\Container->resolve('App\\\\Http\\\\Middle...', Array, true)
#14 C:\\Users\\stefa\\Documents\\Dizajn-i-arhitektura-na-softver\\domasna3 i domasna4\\vendor\\laravel\\framework\\src\\Illuminate\\Container\\Container.php(694): Illuminate\\Foundation\\Application->resolve('App\\\\Http\\\\Middle...', Array)
#15 C:\\Users\\stefa\\Documents\\Dizajn-i-arhitektura-na-softver\\domasna3 i domasna4\\vendor\\laravel\\framework\\src\\Illuminate\\Foundation\\Application.php(836): Illuminate\\Container\\Container->make('App\\\\Http\\\\Middle...', Array)
#16 C:\\Users\\stefa\\Documents\\Dizajn-i-arhitektura-na-softver\\domasna3 i domasna4\\vendor\\laravel\\framework\\src\\Illuminate\\Pipeline\\Pipeline.php(156): Illuminate\\Foundation\\Application->make('App\\\\Http\\\\Middle...')
#17 C:\\Users\\stefa\\Documents\\Dizajn-i-arhitektura-na-softver\\domasna3 i domasna4\\vendor\\laravel\\framework\\src\\Illuminate\\Pipeline\\Pipeline.php(103): Illuminate\\Pipeline\\Pipeline->Illuminate\\Pipeline\\{closure}(Object(Illuminate\\Http\\Request))
#18 C:\\Users\\stefa\\Documents\\Dizajn-i-arhitektura-na-softver\\domasna3 i domasna4\\vendor\\laravel\\framework\\src\\Illuminate\\Routing\\Router.php(697): Illuminate\\Pipeline\\Pipeline->then(Object(Closure))
#19 C:\\Users\\stefa\\Documents\\Dizajn-i-arhitektura-na-softver\\domasna3 i domasna4\\vendor\\laravel\\framework\\src\\Illuminate\\Routing\\Router.php(672): Illuminate\\Routing\\Router->runRouteWithinStack(Object(Illuminate\\Routing\\Route), Object(Illuminate\\Http\\Request))
#20 C:\\Users\\stefa\\Documents\\Dizajn-i-arhitektura-na-softver\\domasna3 i domasna4\\vendor\\laravel\\framework\\src\\Illuminate\\Routing\\Router.php(636): Illuminate\\Routing\\Router->runRoute(Object(Illuminate\\Http\\Request), Object(Illuminate\\Routing\\Route))
#21 C:\\Users\\stefa\\Documents\\Dizajn-i-arhitektura-na-softver\\domasna3 i domasna4\\vendor\\laravel\\framework\\src\\Illuminate\\Routing\\Router.php(625): Illuminate\\Routing\\Router->dispatchToRoute(Object(Illuminate\\Http\\Request))
#22 C:\\Users\\stefa\\Documents\\Dizajn-i-arhitektura-na-softver\\domasna3 i domasna4\\vendor\\laravel\\framework\\src\\Illuminate\\Foundation\\Http\\Kernel.php(167): Illuminate\\Routing\\Router->dispatch(Object(Illuminate\\Http\\Request))
#23 C:\\Users\\stefa\\Documents\\Dizajn-i-arhitektura-na-softver\\domasna3 i domasna4\\vendor\\laravel\\framework\\src\\Illuminate\\Pipeline\\Pipeline.php(128): Illuminate\\Foundation\\Http\\Kernel->Illuminate\\Foundation\\Http\\{closure}(Object(Illuminate\\Http\\Request))
#24 C:\\Users\\stefa\\Documents\\Dizajn-i-arhitektura-na-softver\\domasna3 i domasna4\\vendor\\laravel\\framework\\src\\Illuminate\\Foundation\\Http\\Middleware\\TransformsRequest.php(21): Illuminate\\Pipeline\\Pipeline->Illuminate\\Pipeline\\{closure}(Object(Illuminate\\Http\\Request))
#25 C:\\Users\\stefa\\Documents\\Dizajn-i-arhitektura-na-softver\\domasna3 i domasna4\\vendor\\laravel\\framework\\src\\Illuminate\\Foundation\\Http\\Middleware\\ConvertEmptyStringsToNull.php(31): Illuminate\\Foundation\\Http\\Middleware\\TransformsRequest->handle(Object(Illuminate\\Http\\Request), Object(Closure))
#26 C:\\Users\\stefa\\Documents\\Dizajn-i-arhitektura-na-softver\\domasna3 i domasna4\\vendor\\laravel\\framework\\src\\Illuminate\\Pipeline\\Pipeline.php(167): Illuminate\\Foundation\\Http\\Middleware\\ConvertEmptyStringsToNull->handle(Object(Illuminate\\Http\\Request), Object(Closure))
#27 C:\\Users\\stefa\\Documents\\Dizajn-i-arhitektura-na-softver\\domasna3 i domasna4\\vendor\\laravel\\framework\\src\\Illuminate\\Foundation\\Http\\Middleware\\TransformsRequest.php(21): Illuminate\\Pipeline\\Pipeline->Illuminate\\Pipeline\\{closure}(Object(Illuminate\\Http\\Request))
#28 C:\\Users\\stefa\\Documents\\Dizajn-i-arhitektura-na-softver\\domasna3 i domasna4\\vendor\\laravel\\framework\\src\\Illuminate\\Foundation\\Http\\Middleware\\TrimStrings.php(40): Illuminate\\Foundation\\Http\\Middleware\\TransformsRequest->handle(Object(Illuminate\\Http\\Request), Object(Closure))
#29 C:\\Users\\stefa\\Documents\\Dizajn-i-arhitektura-na-softver\\domasna3 i domasna4\\vendor\\laravel\\framework\\src\\Illuminate\\Pipeline\\Pipeline.php(167): Illuminate\\Foundation\\Http\\Middleware\\TrimStrings->handle(Object(Illuminate\\Http\\Request), Object(Closure))
#30 C:\\Users\\stefa\\Documents\\Dizajn-i-arhitektura-na-softver\\domasna3 i domasna4\\vendor\\laravel\\framework\\src\\Illuminate\\Foundation\\Http\\Middleware\\ValidatePostSize.php(27): Illuminate\\Pipeline\\Pipeline->Illuminate\\Pipeline\\{closure}(Object(Illuminate\\Http\\Request))
#31 C:\\Users\\stefa\\Documents\\Dizajn-i-arhitektura-na-softver\\domasna3 i domasna4\\vendor\\laravel\\framework\\src\\Illuminate\\Pipeline\\Pipeline.php(167): Illuminate\\Foundation\\Http\\Middleware\\ValidatePostSize->handle(Object(Illuminate\\Http\\Request), Object(Closure))
#32 C:\\Users\\stefa\\Documents\\Dizajn-i-arhitektura-na-softver\\domasna3 i domasna4\\vendor\\laravel\\framework\\src\\Illuminate\\Foundation\\Http\\Middleware\\PreventRequestsDuringMaintenance.php(86): Illuminate\\Pipeline\\Pipeline->Illuminate\\Pipeline\\{closure}(Object(Illuminate\\Http\\Request))
#33 C:\\Users\\stefa\\Documents\\Dizajn-i-arhitektura-na-softver\\domasna3 i domasna4\\vendor\\laravel\\framework\\src\\Illuminate\\Pipeline\\Pipeline.php(167): Illuminate\\Foundation\\Http\\Middleware\\PreventRequestsDuringMaintenance->handle(Object(Illuminate\\Http\\Request), Object(Closure))
#34 C:\\Users\\stefa\\Documents\\Dizajn-i-arhitektura-na-softver\\domasna3 i domasna4\\vendor\\fruitcake\\laravel-cors\\src\\HandleCors.php(38): Illuminate\\Pipeline\\Pipeline->Illuminate\\Pipeline\\{closure}(Object(Illuminate\\Http\\Request))
#35 C:\\Users\\stefa\\Documents\\Dizajn-i-arhitektura-na-softver\\domasna3 i domasna4\\vendor\\laravel\\framework\\src\\Illuminate\\Pipeline\\Pipeline.php(167): Fruitcake\\Cors\\HandleCors->handle(Object(Illuminate\\Http\\Request), Object(Closure))
#36 C:\\Users\\stefa\\Documents\\Dizajn-i-arhitektura-na-softver\\domasna3 i domasna4\\vendor\\laravel\\framework\\src\\Illuminate\\Http\\Middleware\\TrustProxies.php(39): Illuminate\\Pipeline\\Pipeline->Illuminate\\Pipeline\\{closure}(Object(Illuminate\\Http\\Request))
#37 C:\\Users\\stefa\\Documents\\Dizajn-i-arhitektura-na-softver\\domasna3 i domasna4\\vendor\\laravel\\framework\\src\\Illuminate\\Pipeline\\Pipeline.php(167): Illuminate\\Http\\Middleware\\TrustProxies->handle(Object(Illuminate\\Http\\Request), Object(Closure))
#38 C:\\Users\\stefa\\Documents\\Dizajn-i-arhitektura-na-softver\\domasna3 i domasna4\\vendor\\laravel\\framework\\src\\Illuminate\\Pipeline\\Pipeline.php(103): Illuminate\\Pipeline\\Pipeline->Illuminate\\Pipeline\\{closure}(Object(Illuminate\\Http\\Request))
#39 C:\\Users\\stefa\\Documents\\Dizajn-i-arhitektura-na-softver\\domasna3 i domasna4\\vendor\\laravel\\framework\\src\\Illuminate\\Foundation\\Http\\Kernel.php(142): Illuminate\\Pipeline\\Pipeline->then(Object(Closure))
#40 C:\\Users\\stefa\\Documents\\Dizajn-i-arhitektura-na-softver\\domasna3 i domasna4\\vendor\\laravel\\framework\\src\\Illuminate\\Foundation\\Http\\Kernel.php(111): Illuminate\\Foundation\\Http\\Kernel->sendRequestThroughRouter(Object(Illuminate\\Http\\Request))
#41 C:\\Users\\stefa\\Documents\\Dizajn-i-arhitektura-na-softver\\domasna3 i domasna4\\public\\index.php(52): Illuminate\\Foundation\\Http\\Kernel->handle(Object(Illuminate\\Http\\Request))
#42 C:\\Users\\stefa\\Documents\\Dizajn-i-arhitektura-na-softver\\domasna3 i domasna4\\server.php(21): require_once('C:\\\\Users\\\\stefa\\\\...')
#43 {main}
"} 
[2022-01-05 16:42:49] production.ERROR: No application encryption key has been specified. {"exception":"[object] (Illuminate\\Encryption\\MissingAppKeyException(code: 0): No application encryption key has been specified. at C:\\Users\\stefa\\Documents\\Dizajn-i-arhitektura-na-softver\\domasna3 i domasna4\\vendor\\laravel\\framework\\src\\Illuminate\\Encryption\\EncryptionServiceProvider.php:101)
[stacktrace]
#0 C:\\Users\\stefa\\Documents\\Dizajn-i-arhitektura-na-softver\\domasna3 i domasna4\\vendor\\laravel\\framework\\src\\Illuminate\\Support\\helpers.php(263): Illuminate\\Encryption\\EncryptionServiceProvider->Illuminate\\Encryption\\{closure}(NULL)
#1 C:\\Users\\stefa\\Documents\\Dizajn-i-arhitektura-na-softver\\domasna3 i domasna4\\vendor\\laravel\\framework\\src\\Illuminate\\Encryption\\EncryptionServiceProvider.php(103): tap(NULL, Object(Closure))
#2 C:\\Users\\stefa\\Documents\\Dizajn-i-arhitektura-na-softver\\domasna3 i domasna4\\vendor\\laravel\\framework\\src\\Illuminate\\Encryption\\EncryptionServiceProvider.php(82): Illuminate\\Encryption\\EncryptionServiceProvider->key(Array)
#3 C:\\Users\\stefa\\Documents\\Dizajn-i-arhitektura-na-softver\\domasna3 i domasna4\\vendor\\laravel\\framework\\src\\Illuminate\\Encryption\\EncryptionServiceProvider.php(34): Illuminate\\Encryption\\EncryptionServiceProvider->parseKey(Array)
#4 C:\\Users\\stefa\\Documents\\Dizajn-i-arhitektura-na-softver\\domasna3 i domasna4\\vendor\\laravel\\framework\\src\\Illuminate\\Container\\Container.php(873): Illuminate\\Encryption\\EncryptionServiceProvider->Illuminate\\Encryption\\{closure}(Object(Illuminate\\Foundation\\Application), Array)
#5 C:\\Users\\stefa\\Documents\\Dizajn-i-arhitektura-na-softver\\domasna3 i domasna4\\vendor\\laravel\\framework\\src\\Illuminate\\Container\\Container.php(758): Illuminate\\Container\\Container->build(Object(Closure))
#6 C:\\Users\\stefa\\Documents\\Dizajn-i-arhitektura-na-softver\\domasna3 i domasna4\\vendor\\laravel\\framework\\src\\Illuminate\\Foundation\\Application.php(851): Illuminate\\Container\\Container->resolve('encrypter', Array, true)
#7 C:\\Users\\stefa\\Documents\\Dizajn-i-arhitektura-na-softver\\domasna3 i domasna4\\vendor\\laravel\\framework\\src\\Illuminate\\Container\\Container.php(694): Illuminate\\Foundation\\Application->resolve('encrypter', Array)
#8 C:\\Users\\stefa\\Documents\\Dizajn-i-arhitektura-na-softver\\domasna3 i domasna4\\vendor\\laravel\\framework\\src\\Illuminate\\Foundation\\Application.php(836): Illuminate\\Container\\Container->make('encrypter', Array)
#9 C:\\Users\\stefa\\Documents\\Dizajn-i-arhitektura-na-softver\\domasna3 i domasna4\\vendor\\laravel\\framework\\src\\Illuminate\\Container\\Container.php(1031): Illuminate\\Foundation\\Application->make('encrypter')
#10 C:\\Users\\stefa\\Documents\\Dizajn-i-arhitektura-na-softver\\domasna3 i domasna4\\vendor\\laravel\\framework\\src\\Illuminate\\Container\\Container.php(951): Illuminate\\Container\\Container->resolveClass(Object(ReflectionParameter))
#11 C:\\Users\\stefa\\Documents\\Dizajn-i-arhitektura-na-softver\\domasna3 i domasna4\\vendor\\laravel\\framework\\src\\Illuminate\\Container\\Container.php(912): Illuminate\\Container\\Container->resolveDependencies(Array)
#12 C:\\Users\\stefa\\Documents\\Dizajn-i-arhitektura-na-softver\\domasna3 i domasna4\\vendor\\laravel\\framework\\src\\Illuminate\\Container\\Container.php(758): Illuminate\\Container\\Container->build('App\\\\Http\\\\Middle...')
#13 C:\\Users\\stefa\\Documents\\Dizajn-i-arhitektura-na-softver\\domasna3 i domasna4\\vendor\\laravel\\framework\\src\\Illuminate\\Foundation\\Application.php(851): Illuminate\\Container\\Container->resolve('App\\\\Http\\\\Middle...', Array, true)
#14 C:\\Users\\stefa\\Documents\\Dizajn-i-arhitektura-na-softver\\domasna3 i domasna4\\vendor\\laravel\\framework\\src\\Illuminate\\Container\\Container.php(694): Illuminate\\Foundation\\Application->resolve('App\\\\Http\\\\Middle...', Array)
#15 C:\\Users\\stefa\\Documents\\Dizajn-i-arhitektura-na-softver\\domasna3 i domasna4\\vendor\\laravel\\framework\\src\\Illuminate\\Foundation\\Application.php(836): Illuminate\\Container\\Container->make('App\\\\Http\\\\Middle...', Array)
#16 C:\\Users\\stefa\\Documents\\Dizajn-i-arhitektura-na-softver\\domasna3 i domasna4\\vendor\\laravel\\framework\\src\\Illuminate\\Foundation\\Http\\Kernel.php(206): Illuminate\\Foundation\\Application->make('App\\\\Http\\\\Middle...')
#17 C:\\Users\\stefa\\Documents\\Dizajn-i-arhitektura-na-softver\\domasna3 i domasna4\\vendor\\laravel\\framework\\src\\Illuminate\\Foundation\\Http\\Kernel.php(180): Illuminate\\Foundation\\Http\\Kernel->terminateMiddleware(Object(Illuminate\\Http\\Request), Object(Illuminate\\Http\\Response))
#18 C:\\Users\\stefa\\Documents\\Dizajn-i-arhitektura-na-softver\\domasna3 i domasna4\\public\\index.php(55): Illuminate\\Foundation\\Http\\Kernel->terminate(Object(Illuminate\\Http\\Request), Object(Illuminate\\Http\\Response))
#19 C:\\Users\\stefa\\Documents\\Dizajn-i-arhitektura-na-softver\\domasna3 i domasna4\\server.php(21): require_once('C:\\\\Users\\\\stefa\\\\...')
#20 {main}
"} 
[2022-01-05 16:43:34] production.ERROR: file_get_contents(C:\Users\stefa\Documents\Dizajn-i-arhitektura-na-softver\domasna3 i domasna4\.env): failed to open stream: No such file or directory {"exception":"[object] (ErrorException(code: 0): file_get_contents(C:\\Users\\stefa\\Documents\\Dizajn-i-arhitektura-na-softver\\domasna3 i domasna4\\.env): failed to open stream: No such file or directory at C:\\Users\\stefa\\Documents\\Dizajn-i-arhitektura-na-softver\\domasna3 i domasna4\\vendor\\laravel\\framework\\src\\Illuminate\\Foundation\\Console\\KeyGenerateCommand.php:96)
[stacktrace]
#0 [internal function]: Illuminate\\Foundation\\Bootstrap\\HandleExceptions->handleError(2, 'file_get_conten...', 'C:\\\\Users\\\\stefa\\\\...', 96, Array)
#1 C:\\Users\\stefa\\Documents\\Dizajn-i-arhitektura-na-softver\\domasna3 i domasna4\\vendor\\laravel\\framework\\src\\Illuminate\\Foundation\\Console\\KeyGenerateCommand.php(96): file_get_contents('C:\\\\Users\\\\stefa\\\\...')
#2 C:\\Users\\stefa\\Documents\\Dizajn-i-arhitektura-na-softver\\domasna3 i domasna4\\vendor\\laravel\\framework\\src\\Illuminate\\Foundation\\Console\\KeyGenerateCommand.php(80): Illuminate\\Foundation\\Console\\KeyGenerateCommand->writeNewEnvironmentFileWith('base64:d64btJzj...')
#3 C:\\Users\\stefa\\Documents\\Dizajn-i-arhitektura-na-softver\\domasna3 i domasna4\\vendor\\laravel\\framework\\src\\Illuminate\\Foundation\\Console\\KeyGenerateCommand.php(45): Illuminate\\Foundation\\Console\\KeyGenerateCommand->setKeyInEnvironmentFile('base64:d64btJzj...')
#4 C:\\Users\\stefa\\Documents\\Dizajn-i-arhitektura-na-softver\\domasna3 i domasna4\\vendor\\laravel\\framework\\src\\Illuminate\\Container\\BoundMethod.php(36): Illuminate\\Foundation\\Console\\KeyGenerateCommand->handle()
#5 C:\\Users\\stefa\\Documents\\Dizajn-i-arhitektura-na-softver\\domasna3 i domasna4\\vendor\\laravel\\framework\\src\\Illuminate\\Container\\Util.php(40): Illuminate\\Container\\BoundMethod::Illuminate\\Container\\{closure}()
#6 C:\\Users\\stefa\\Documents\\Dizajn-i-arhitektura-na-softver\\domasna3 i domasna4\\vendor\\laravel\\framework\\src\\Illuminate\\Container\\BoundMethod.php(93): Illuminate\\Container\\Util::unwrapIfClosure(Object(Closure))
#7 C:\\Users\\stefa\\Documents\\Dizajn-i-arhitektura-na-softver\\domasna3 i domasna4\\vendor\\laravel\\framework\\src\\Illuminate\\Container\\BoundMethod.php(37): Illuminate\\Container\\BoundMethod::callBoundMethod(Object(Illuminate\\Foundation\\Application), Array, Object(Closure))
#8 C:\\Users\\stefa\\Documents\\Dizajn-i-arhitektura-na-softver\\domasna3 i domasna4\\vendor\\laravel\\framework\\src\\Illuminate\\Container\\Container.php(653): Illuminate\\Container\\BoundMethod::call(Object(Illuminate\\Foundation\\Application), Array, Array, NULL)
#9 C:\\Users\\stefa\\Documents\\Dizajn-i-arhitektura-na-softver\\domasna3 i domasna4\\vendor\\laravel\\framework\\src\\Illuminate\\Console\\Command.php(136): Illuminate\\Container\\Container->call(Array)
#10 C:\\Users\\stefa\\Documents\\Dizajn-i-arhitektura-na-softver\\domasna3 i domasna4\\vendor\\symfony\\console\\Command\\Command.php(298): Illuminate\\Console\\Command->execute(Object(Symfony\\Component\\Console\\Input\\ArgvInput), Object(Illuminate\\Console\\OutputStyle))
#11 C:\\Users\\stefa\\Documents\\Dizajn-i-arhitektura-na-softver\\domasna3 i domasna4\\vendor\\laravel\\framework\\src\\Illuminate\\Console\\Command.php(121): Symfony\\Component\\Console\\Command\\Command->run(Object(Symfony\\Component\\Console\\Input\\ArgvInput), Object(Illuminate\\Console\\OutputStyle))
#12 C:\\Users\\stefa\\Documents\\Dizajn-i-arhitektura-na-softver\\domasna3 i domasna4\\vendor\\symfony\\console\\Application.php(1005): Illuminate\\Console\\Command->run(Object(Symfony\\Component\\Console\\Input\\ArgvInput), Object(Symfony\\Component\\Console\\Output\\ConsoleOutput))
#13 C:\\Users\\stefa\\Documents\\Dizajn-i-arhitektura-na-softver\\domasna3 i domasna4\\vendor\\symfony\\console\\Application.php(299): Symfony\\Component\\Console\\Application->doRunCommand(Object(Illuminate\\Foundation\\Console\\KeyGenerateCommand), Object(Symfony\\Component\\Console\\Input\\ArgvInput), Object(Symfony\\Component\\Console\\Output\\ConsoleOutput))
#14 C:\\Users\\stefa\\Documents\\Dizajn-i-arhitektura-na-softver\\domasna3 i domasna4\\vendor\\symfony\\console\\Application.php(171): Symfony\\Component\\Console\\Application->doRun(Object(Symfony\\Component\\Console\\Input\\ArgvInput), Object(Symfony\\Component\\Console\\Output\\ConsoleOutput))
#15 C:\\Users\\stefa\\Documents\\Dizajn-i-arhitektura-na-softver\\domasna3 i domasna4\\vendor\\laravel\\framework\\src\\Illuminate\\Console\\Application.php(94): Symfony\\Component\\Console\\Application->run(Object(Symfony\\Component\\Console\\Input\\ArgvInput), Object(Symfony\\Component\\Console\\Output\\ConsoleOutput))
#16 C:\\Users\\stefa\\Documents\\Dizajn-i-arhitektura-na-softver\\domasna3 i domasna4\\vendor\\laravel\\framework\\src\\Illuminate\\Foundation\\Console\\Kernel.php(129): Illuminate\\Console\\Application->run(Object(Symfony\\Component\\Console\\Input\\ArgvInput), Object(Symfony\\Component\\Console\\Output\\ConsoleOutput))
#17 C:\\Users\\stefa\\Documents\\Dizajn-i-arhitektura-na-softver\\domasna3 i domasna4\\artisan(37): Illuminate\\Foundation\\Console\\Kernel->handle(Object(Symfony\\Component\\Console\\Input\\ArgvInput), Object(Symfony\\Component\\Console\\Output\\ConsoleOutput))
#18 {main}
"} 
